[2025-09-22T14:49:33.564Z] - Error: firstName, lastName, email, and password are required - Stack: Error: firstName, lastName, email, and password are required
    at createUser (file:///C:/Users/garre/Desktop/batch_repos/WD-066/Backend/module09-restful-apis/05-error-handling-correction/src/controllers/users.ts:20:11)
    at Layer.handleRequest (C:\Users\garre\Desktop\batch_repos\WD-066\Backend\module09-restful-apis\05-error-handling-correction\node_modules\router\lib\layer.js:152:17)
    at next (C:\Users\garre\Desktop\batch_repos\WD-066\Backend\module09-restful-apis\05-error-handling-correction\node_modules\router\lib\route.js:157:13)
    at Route.dispatch (C:\Users\garre\Desktop\batch_repos\WD-066\Backend\module09-restful-apis\05-error-handling-correction\node_modules\router\lib\route.js:117:3)
    at handle (C:\Users\garre\Desktop\batch_repos\WD-066\Backend\module09-restful-apis\05-error-handling-correction\node_modules\router\index.js:435:11)
    at Layer.handleRequest (C:\Users\garre\Desktop\batch_repos\WD-066\Backend\module09-restful-apis\05-error-handling-correction\node_modules\router\lib\layer.js:152:17)
    at C:\Users\garre\Desktop\batch_repos\WD-066\Backend\module09-restful-apis\05-error-handling-correction\node_modules\router\index.js:295:15
    at processParams (C:\Users\garre\Desktop\batch_repos\WD-066\Backend\module09-restful-apis\05-error-handling-correction\node_modules\router\index.js:582:12)
    at next (C:\Users\garre\Desktop\batch_repos\WD-066\Backend\module09-restful-apis\05-error-handling-correction\node_modules\router\index.js:291:5)
    at router.handle (C:\Users\garre\Desktop\batch_repos\WD-066\Backend\module09-restful-apis\05-error-handling-correction\node_modules\router\index.js:186:3)
[2025-09-22T14:49:46.733Z] - Error: firstName, lastName, email, and password are required - Stack: Error: firstName, lastName, email, and password are required
    at createUser (file:///C:/Users/garre/Desktop/batch_repos/WD-066/Backend/module09-restful-apis/05-error-handling-correction/src/controllers/users.ts:20:11)
    at Layer.handleRequest (C:\Users\garre\Desktop\batch_repos\WD-066\Backend\module09-restful-apis\05-error-handling-correction\node_modules\router\lib\layer.js:152:17)
    at next (C:\Users\garre\Desktop\batch_repos\WD-066\Backend\module09-restful-apis\05-error-handling-correction\node_modules\router\lib\route.js:157:13)
    at Route.dispatch (C:\Users\garre\Desktop\batch_repos\WD-066\Backend\module09-restful-apis\05-error-handling-correction\node_modules\router\lib\route.js:117:3)
    at handle (C:\Users\garre\Desktop\batch_repos\WD-066\Backend\module09-restful-apis\05-error-handling-correction\node_modules\router\index.js:435:11)
    at Layer.handleRequest (C:\Users\garre\Desktop\batch_repos\WD-066\Backend\module09-restful-apis\05-error-handling-correction\node_modules\router\lib\layer.js:152:17)
    at C:\Users\garre\Desktop\batch_repos\WD-066\Backend\module09-restful-apis\05-error-handling-correction\node_modules\router\index.js:295:15
    at processParams (C:\Users\garre\Desktop\batch_repos\WD-066\Backend\module09-restful-apis\05-error-handling-correction\node_modules\router\index.js:582:12)
    at next (C:\Users\garre\Desktop\batch_repos\WD-066\Backend\module09-restful-apis\05-error-handling-correction\node_modules\router\index.js:291:5)
    at router.handle (C:\Users\garre\Desktop\batch_repos\WD-066\Backend\module09-restful-apis\05-error-handling-correction\node_modules\router\index.js:186:3)
[2025-09-22T14:50:05.880Z] - Error: firstName, lastName, email, and password are required - Stack: Error: firstName, lastName, email, and password are required
    at createUser (file:///C:/Users/garre/Desktop/batch_repos/WD-066/Backend/module09-restful-apis/05-error-handling-correction/src/controllers/users.ts:20:11)
    at Layer.handleRequest (C:\Users\garre\Desktop\batch_repos\WD-066\Backend\module09-restful-apis\05-error-handling-correction\node_modules\router\lib\layer.js:152:17)
    at next (C:\Users\garre\Desktop\batch_repos\WD-066\Backend\module09-restful-apis\05-error-handling-correction\node_modules\router\lib\route.js:157:13)
    at Route.dispatch (C:\Users\garre\Desktop\batch_repos\WD-066\Backend\module09-restful-apis\05-error-handling-correction\node_modules\router\lib\route.js:117:3)
    at handle (C:\Users\garre\Desktop\batch_repos\WD-066\Backend\module09-restful-apis\05-error-handling-correction\node_modules\router\index.js:435:11)
    at Layer.handleRequest (C:\Users\garre\Desktop\batch_repos\WD-066\Backend\module09-restful-apis\05-error-handling-correction\node_modules\router\lib\layer.js:152:17)
    at C:\Users\garre\Desktop\batch_repos\WD-066\Backend\module09-restful-apis\05-error-handling-correction\node_modules\router\index.js:295:15
    at processParams (C:\Users\garre\Desktop\batch_repos\WD-066\Backend\module09-restful-apis\05-error-handling-correction\node_modules\router\index.js:582:12)
    at next (C:\Users\garre\Desktop\batch_repos\WD-066\Backend\module09-restful-apis\05-error-handling-correction\node_modules\router\index.js:291:5)
    at router.handle (C:\Users\garre\Desktop\batch_repos\WD-066\Backend\module09-restful-apis\05-error-handling-correction\node_modules\router\index.js:186:3)
